pro/5-minutes.pro
pro/come-on-and-dance-with-me.pro
pro/cowboy-man.pro
pro/flying-shoes.pro
pro/good-bye-honey.pro
pro/hangman.pro
pro/he-was-a-friend.pro
pro/house-of-the-rising-sun.pro
pro/i-ain-t-be-that-person.pro
pro/i-told-my-dog.pro
pro/leave-them-where-they-die.pro
pro/mashed-potato-band.pro
pro/moonshiner.pro
pro/nobody-cares.pro
pro/oh-johnny.pro
pro/one-day.pro
pro/one-too-many.pro
pro/plans-for-my-31st-birthday.pro
pro/superpower.pro
pro/the-day-i-found-the-blues.pro
pro/tiny-bats.pro
pro/trail-of-the-buffalo.pro
pro/trouble-in-mind.pro
pro/true-love-is-hard-to-find.pro
pro/war-on-solitude.pro
pro/weird-place.pro
pro/what-the-rich-said.pro
