1_traditional/chapter.pro
1_traditional/traditional_ain-t-no-grave.pro
1_traditional/traditional_banks-of-the-ohio.pro
1_traditional/traditional_barbara-allen.pro
1_traditional/traditional_death-of-queen-jane.pro
1_traditional/traditional_delia.pro
1_traditional/traditional_fare-thee-well.pro
1_traditional/traditional_green-green-rocky-road.pro
1_traditional/traditional_hang-me.pro
1_traditional/traditional_hangman.pro
1_traditional/traditional_house-carpenter.pro
1_traditional/traditional_house-of-the-rising-sun.pro
1_traditional/traditional_in-the-pines.pro
1_traditional/traditional_john-barleycorn.pro
1_traditional/traditional_john-henry.pro
1_traditional/traditional_lakes-of-pontchartrain.pro
1_traditional/traditional_lily-of-the-west.pro
1_traditional/traditional_little-sadie.pro
1_traditional/traditional_matty-groves.pro
1_traditional/traditional_moonshiner.pro
1_traditional/traditional_omie-wise.pro
1_traditional/traditional_shady-grove.pro
1_traditional/traditional_stackerlee.pro
1_traditional/traditional_st-james-infirmary.pro
1_traditional/traditional_the-boy-who-wouldn-t-hoe-corn.pro
1_traditional/traditional_trail-of-the-buffalo.pro
1_traditional/traditional_wayfaring-stranger.pro
1_traditional/traditional_whiskey-in-the-jar.pro
1_traditional/traditional_will-the-circle-be-unbroken.pro
1_traditional/traditional_will-the-circle-be-unbroken-alt.pro
2_boothill-society/chapter.pro
2_boothill-society/boothill-society_cowboy-man.pro
2_boothill-society/boothill-society_flying-shoes.pro
2_boothill-society/boothill-society_good-bye-honey.pro
2_boothill-society/boothill-society_he-was-a-friend.pro
2_boothill-society/boothill-society_i-ain-t-be-that-person.pro
2_boothill-society/boothill-society_leave-them-where-they-die.pro
2_boothill-society/boothill-society_oh-johnny.pro
2_boothill-society/boothill-society_one-day.pro
2_boothill-society/boothill-society_one-too-many.pro
2_boothill-society/boothill-society_plans-for-my-31st-birthday.pro
2_boothill-society/boothill-society_the-day-i-found-the-blues.pro
3_contemporary/chapter.pro
3_contemporary/hedy-west_500-miles.pro
3_contemporary/bob-dylan_death-of-emmett-till.pro
3_contemporary/townes-van-zandt_dollar-bill-blues.pro
3_contemporary/elizabeth-cotten_freight-train.pro
3_contemporary/bruce-springsteen_further-on-up-the-road.pro
3_contemporary/mississippi-john-hurt_louis-collins.pro
3_contemporary/josh-ritter_harrisburg.pro
3_contemporary/townes-van-zandt_if-i-needed-you.pro
3_contemporary/wilco_jesus-etc.pro
3_contemporary/moriarty_jimmy.pro
3_contemporary/kris-kristofferson_me-and-bobby-mcgee.pro
3_contemporary/townes-van-zandt_pancho-and-lefty.pro
3_contemporary/woody-guthrie_pretty-boy-floyd.pro
3_contemporary/ewan-maccoll_the-shoals-of-herring.pro
3_contemporary/woody-guthrie_vigilante-man.pro
3_contemporary/townes-van-zandt_waiting-around-to-die.pro
3_contemporary/pete-seeger_where-have-all-the-flowers-gone.pro
